<?xml version="1.0" encoding="UTF-8"?>
<testsuite xmlns:xsi="http://www.w3.org/2001/XMLSchema-instance" xsi:noNamespaceSchemaLocation="https://maven.apache.org/surefire/maven-surefire-plugin/xsd/surefire-test-report.xsd" name="runner.TestRunner" time="2.323" tests="4" errors="1" skipped="0" failures="0">
  <properties>
[...]
</properties>
  <testcase name="Check login with valid credentials" classname="demo functinality" time="0.557">
    <error message="/ by zero" type="java.lang.ArithmeticException">java.lang.ArithmeticException: / by zero
</error>
    <system-out><![CDATA[
Scenario: Check login with valid credentials   # src/test/resources/demo.feature:3
  Given user calculate 1/0                     # runner.login.user_calculate(java.lang.Integer,java.lang.Integer)
      java.lang.ArithmeticException: / by zero
	at runner.login.user_calculate(login.java:11)
	at âœ½.user calculate 1/0(file:///C:/Work/Automation/Gherkin%20Automation/Automation%20BDD%20Cucumber/cucumber-demo-cmd/src/test/resources/demo.feature:4)

  When user enters valid username and password # runner.login.user_enters_valid_username_and_password()
  And clicks on login button                   # runner.login.clicks_on_login_button()
  Then user is navigated to the home page      # runner.login.user_is_navigated_to_the_home_page()
]]></system-out>
  </testcase>
  <testcase name="Check login with invalid credentials" classname="demo functinality" time="0.04"/>
  <testcase name="Check login with valid credentials" classname="login functinality" time="0.038"/>
  <testcase name="Check login with invalid credentials" classname="login functinality" time="0.044"/>
</testsuite>